<?xml version="1.0" encoding="UTF-8"?>
<testng-results ignored="0" total="2" passed="1" failed="1" skipped="0">
  <reporter-output>
  </reporter-output>
  <suite started-at="2022-06-14T18:46:21 IST" name="Default suite" finished-at="2022-06-14T18:47:28 IST" duration-ms="66871">
    <groups>
      <group name="cucumber">
        <method signature="AbstractTestNGCucumberTests.runScenario(io.cucumber.testng.PickleWrapper,io.cucumber.testng.FeatureWrapper)[pri:0, instance:testrunner.testRunner@2d710f1a]" name="runScenario" class="io.cucumber.testng.AbstractTestNGCucumberTests"/>
      </group> <!-- cucumber -->
    </groups>
    <test started-at="2022-06-14T18:46:21 IST" name="Default test" finished-at="2022-06-14T18:47:28 IST" duration-ms="66871">
      <class name="testrunner.testRunner">
        <test-method is-config="true" signature="setUpClass()[pri:0, instance:testrunner.testRunner@2d710f1a]" started-at="2022-06-14T18:46:21 IST" name="setUpClass" finished-at="2022-06-14T18:46:21 IST" duration-ms="328" status="PASS">
          <reporter-output>
          </reporter-output>
        </test-method> <!-- setUpClass -->
        <test-method signature="runScenario(io.cucumber.testng.PickleWrapper,io.cucumber.testng.FeatureWrapper)[pri:0, instance:testrunner.testRunner@2d710f1a]" started-at="2022-06-14T18:46:21 IST" name="runScenario" description="Runs Cucumber Scenarios" data-provider="scenarios" finished-at="2022-06-14T18:46:39 IST" duration-ms="17973" status="PASS">
          <params>
            <param index="0">
              <value>
                <![CDATA["Add cucumber , Tomato and Brinjal"]]>
              </value>
            </param>
            <param index="1">
              <value>
                <![CDATA["Optional[GreenKart adding vegtables]"]]>
              </value>
            </param>
          </params>
          <reporter-output>
          </reporter-output>
        </test-method> <!-- runScenario -->
        <test-method signature="runScenario(io.cucumber.testng.PickleWrapper,io.cucumber.testng.FeatureWrapper)[pri:0, instance:testrunner.testRunner@2d710f1a]" started-at="2022-06-14T18:46:41 IST" name="runScenario" description="Runs Cucumber Scenarios" data-provider="scenarios" finished-at="2022-06-14T18:47:27 IST" duration-ms="45917" status="FAIL">
          <params>
            <param index="0">
              <value>
                <![CDATA["Add cucumber"]]>
              </value>
            </param>
            <param index="1">
              <value>
                <![CDATA["Optional[GreenKart adding vegtables]"]]>
              </value>
            </param>
          </params>
          <exception class="org.openqa.selenium.TimeoutException">
            <message>
              <![CDATA[Expected condition failed: waiting for visibility of element located by By.xpath: //b[contains(text(),'No. of Items     : ')]//parent::div[contains(text(),'3')] (tried for 30 second(s) with 3000 milliseconds interval)
Build info: version: '4.1.4', revision: '535d840ee2'
System info: host: 'LAPTOP-GJUQBFPT', ip: '192.168.1.6', os.name: 'Windows 10', os.arch: 'amd64', os.version: '10.0', java.version: '17.0.1'
Driver info: driver.version: unknown]]>
            </message>
            <full-stacktrace>
              <![CDATA[org.openqa.selenium.TimeoutException: Expected condition failed: waiting for visibility of element located by By.xpath: //b[contains(text(),'No. of Items     : ')]//parent::div[contains(text(),'3')] (tried for 30 second(s) with 3000 milliseconds interval)
Build info: version: '4.1.4', revision: '535d840ee2'
System info: host: 'LAPTOP-GJUQBFPT', ip: '192.168.1.6', os.name: 'Windows 10', os.arch: 'amd64', os.version: '10.0', java.version: '17.0.1'
Driver info: driver.version: unknown
at org.openqa.selenium.support.ui.FluentWait.timeoutException(FluentWait.java:263)
at org.openqa.selenium.support.ui.FluentWait.until(FluentWait.java:231)
at resources.base.fluentWait(base.java:49)
at stepdef.GreenKartsteputils.i_verified(GreenKartsteputils.java:59)
at ✽.I verified "No. of Items     : " is "3"(file:///C:/Users/Dhruv%20Rathod/git/asdasdsada/src/test/resources/features/greenkartaddVeges.feature:31)
]]>
            </full-stacktrace>
          </exception> <!-- org.openqa.selenium.TimeoutException -->
          <reporter-output>
          </reporter-output>
        </test-method> <!-- runScenario -->
        <test-method is-config="true" signature="tearDownClass()[pri:0, instance:testrunner.testRunner@2d710f1a]" started-at="2022-06-14T18:47:28 IST" name="tearDownClass" finished-at="2022-06-14T18:47:28 IST" duration-ms="14" status="PASS">
          <reporter-output>
          </reporter-output>
        </test-method> <!-- tearDownClass -->
      </class> <!-- testrunner.testRunner -->
    </test> <!-- Default test -->
  </suite> <!-- Default suite -->
</testng-results>
